[GIN-debug] [WARNING] Creating an Engine instance with the Logger and Recovery middleware already attached.

[GIN-debug] [WARNING] Running in "debug" mode. Switch to "release" mode in production.
 - using env:	export GIN_MODE=release
 - using code:	gin.SetMode(gin.ReleaseMode)

[GIN-debug] GET    /health                   --> apiperformancemonitor/internal/api.(*Server).Routes.func1 (4 handlers)
[GIN-debug] POST   /urls                     --> apiperformancemonitor/internal/api.(*Server).addURL-fm (4 handlers)
[GIN-debug] GET    /urls                     --> apiperformancemonitor/internal/api.(*Server).listURLs-fm (4 handlers)
[GIN-debug] DELETE /urls/:id                 --> apiperformancemonitor/internal/api.(*Server).deleteURL-fm (4 handlers)
[GIN-debug] GET    /checks                   --> apiperformancemonitor/internal/api.(*Server).recentChecks-fm (4 handlers)
[GIN-debug] GET    /status                   --> apiperformancemonitor/internal/api.(*Server).latestStatus-fm (4 handlers)
[GIN-debug] [WARNING] You trusted all proxies, this is NOT safe. We recommend you to set a value.
Please check https://pkg.go.dev/github.com/gin-gonic/gin#readme-don-t-trust-all-proxies for details.
[GIN-debug] Listening and serving HTTP on :8080
[GIN] 2025/09/09 - 04:39:45 | 200 |     772.584µs |             ::1 | GET      "/health"
[GIN] 2025/09/09 - 04:39:57 | 200 |     5.18325ms |             ::1 | GET      "/urls"
[GIN] 2025/09/09 - 04:39:57 | 200 |      1.4905ms |             ::1 | GET      "/checks?url_id=2&limit=50"
[GIN] 2025/09/09 - 04:39:57 | 200 |   21.911208ms |             ::1 | GET      "/checks?url_id=2&limit=50"
[GIN] 2025/09/09 - 04:39:59 | 200 |    2.424667ms |             ::1 | GET      "/urls"
[GIN] 2025/09/09 - 04:39:59 | 200 |     682.875µs |             ::1 | GET      "/checks?url_id=2&limit=50"
[GIN] 2025/09/09 - 04:40:02 | 200 |    1.314625ms |             ::1 | GET      "/checks?url_id=3&limit=50"
[GIN] 2025/09/09 - 04:40:05 | 200 |     665.166µs |             ::1 | GET      "/checks?url_id=2&limit=50"
[GIN] 2025/09/09 - 04:40:09 | 200 |     505.833µs |             ::1 | GET      "/urls"
[GIN] 2025/09/09 - 04:40:09 | 200 |      713.75µs |             ::1 | GET      "/checks?url_id=2&limit=50"
[GIN] 2025/09/09 - 04:40:12 | 200 |    1.397542ms |             ::1 | GET      "/checks?url_id=3&limit=50"
[GIN] 2025/09/09 - 04:40:15 | 200 |     569.833µs |             ::1 | GET      "/checks?url_id=2&limit=50"
[GIN] 2025/09/09 - 04:40:25 | 200 |     639.834µs |             ::1 | GET      "/checks?url_id=2&limit=50"
[GIN] 2025/09/09 - 04:40:29 | 200 |     382.833µs |             ::1 | GET      "/urls"
[GIN] 2025/09/09 - 04:40:29 | 200 |     811.167µs |             ::1 | GET      "/checks?url_id=2&limit=50"
[GIN] 2025/09/09 - 04:40:38 | 200 |    3.586792ms |             ::1 | GET      "/checks?url_id=3&limit=50"
[GIN] 2025/09/09 - 04:40:38 | 200 |     499.417µs |             ::1 | GET      "/checks?url_id=2&limit=50"
[GIN] 2025/09/09 - 04:40:39 | 200 |    1.275083ms |             ::1 | GET      "/checks?url_id=3&limit=50"
[GIN] 2025/09/09 - 04:40:41 | 204 |      42.208µs |             ::1 | OPTIONS  "/urls/3"
[GIN] 2025/09/09 - 04:40:41 | 200 |    2.148083ms |             ::1 | DELETE   "/urls/3"
[GIN] 2025/09/09 - 04:40:41 | 200 |      217.25µs |             ::1 | GET      "/urls"
[GIN] 2025/09/09 - 04:40:41 | 200 |     852.209µs |             ::1 | GET      "/checks?url_id=2&limit=50"
[GIN] 2025/09/09 - 04:40:49 | 200 |         672µs |             ::1 | GET      "/urls"
[GIN] 2025/09/09 - 04:40:49 | 200 |    1.495125ms |             ::1 | GET      "/checks?url_id=2&limit=50"
[GIN] 2025/09/09 - 04:40:59 | 200 |     875.375µs |             ::1 | GET      "/checks?url_id=2&limit=50"
[GIN] 2025/09/09 - 04:41:09 | 200 |     482.958µs |             ::1 | GET      "/urls"
[GIN] 2025/09/09 - 04:41:09 | 200 |     498.417µs |             ::1 | GET      "/checks?url_id=2&limit=50"
[GIN] 2025/09/09 - 04:41:26 | 200 |     350.916µs |             ::1 | GET      "/urls"
[GIN] 2025/09/09 - 04:41:26 | 200 |     417.542µs |             ::1 | GET      "/checks?url_id=2&limit=50"
[GIN] 2025/09/09 - 04:41:36 | 200 |    4.622125ms |             ::1 | GET      "/checks?url_id=2&limit=50"
[GIN] 2025/09/09 - 04:41:46 | 200 |     442.041µs |             ::1 | GET      "/urls"
[GIN] 2025/09/09 - 04:41:46 | 200 |     369.541µs |             ::1 | GET      "/checks?url_id=2&limit=50"
[GIN] 2025/09/09 - 04:41:56 | 200 |    3.419041ms |             ::1 | GET      "/checks?url_id=2&limit=50"
[GIN] 2025/09/09 - 04:42:06 | 200 |      699.25µs |             ::1 | GET      "/urls"
[GIN] 2025/09/09 - 04:42:06 | 200 |      690.75µs |             ::1 | GET      "/checks?url_id=2&limit=50"
[GIN] 2025/09/09 - 04:42:16 | 200 |     445.875µs |             ::1 | GET      "/checks?url_id=2&limit=50"
[GIN] 2025/09/09 - 04:42:26 | 200 |     382.292µs |             ::1 | GET      "/urls"
[GIN] 2025/09/09 - 04:42:26 | 200 |     734.417µs |             ::1 | GET      "/checks?url_id=2&limit=50"
[GIN] 2025/09/09 - 04:42:36 | 200 |     654.917µs |             ::1 | GET      "/checks?url_id=2&limit=50"
[GIN] 2025/09/09 - 04:42:46 | 200 |     303.709µs |             ::1 | GET      "/urls"
[GIN] 2025/09/09 - 04:42:46 | 200 |     757.917µs |             ::1 | GET      "/checks?url_id=2&limit=50"
[GIN] 2025/09/09 - 04:42:51 | 200 |     489.542µs |             ::1 | GET      "/urls"
[GIN] 2025/09/09 - 04:42:59 | 200 |     422.958µs |             ::1 | GET      "/urls"
[GIN] 2025/09/09 - 04:42:59 | 200 |     419.125µs |             ::1 | GET      "/checks?url_id=2&limit=50"
[GIN] 2025/09/09 - 04:43:09 | 200 |      763.25µs |             ::1 | GET      "/checks?url_id=2&limit=50"
[GIN] 2025/09/09 - 04:43:19 | 200 |     889.042µs |             ::1 | GET      "/urls"
[GIN] 2025/09/09 - 04:43:19 | 200 |    1.134292ms |             ::1 | GET      "/checks?url_id=2&limit=50"
[GIN] 2025/09/09 - 04:43:29 | 200 |      534.25µs |             ::1 | GET      "/checks?url_id=2&limit=50"
[GIN] 2025/09/09 - 04:43:39 | 200 |     441.334µs |             ::1 | GET      "/urls"
[GIN] 2025/09/09 - 04:43:39 | 200 |     970.708µs |             ::1 | GET      "/checks?url_id=2&limit=50"
[GIN] 2025/09/09 - 04:43:49 | 200 |     945.541µs |             ::1 | GET      "/checks?url_id=2&limit=50"
[GIN] 2025/09/09 - 04:44:10 | 200 |     375.291µs |             ::1 | GET      "/urls"
[GIN] 2025/09/09 - 04:44:10 | 200 |     371.792µs |             ::1 | GET      "/checks?url_id=2&limit=50"
[GIN] 2025/09/09 - 04:44:20 | 200 |     654.125µs |             ::1 | GET      "/checks?url_id=2&limit=50"
[GIN] 2025/09/09 - 04:44:30 | 200 |     402.167µs |             ::1 | GET      "/urls"
[GIN] 2025/09/09 - 04:44:30 | 200 |     456.041µs |             ::1 | GET      "/checks?url_id=2&limit=50"
[GIN] 2025/09/09 - 04:44:40 | 200 |    3.158541ms |             ::1 | GET      "/checks?url_id=2&limit=50"
[GIN] 2025/09/09 - 04:44:50 | 200 |     394.875µs |             ::1 | GET      "/urls"
[GIN] 2025/09/09 - 04:44:50 | 200 |    1.782042ms |             ::1 | GET      "/checks?url_id=2&limit=50"
[GIN] 2025/09/09 - 04:45:00 | 200 |       1.565ms |             ::1 | GET      "/checks?url_id=2&limit=50"
[GIN] 2025/09/09 - 04:45:10 | 200 |     391.833µs |             ::1 | GET      "/urls"
[GIN] 2025/09/09 - 04:45:10 | 200 |     595.708µs |             ::1 | GET      "/checks?url_id=2&limit=50"
[GIN] 2025/09/09 - 04:45:20 | 200 |    1.036292ms |             ::1 | GET      "/checks?url_id=2&limit=50"
[GIN] 2025/09/09 - 04:45:30 | 200 |     444.875µs |             ::1 | GET      "/urls"
[GIN] 2025/09/09 - 04:45:30 | 200 |      704.25µs |             ::1 | GET      "/checks?url_id=2&limit=50"
[GIN] 2025/09/09 - 04:45:40 | 200 |    1.905958ms |             ::1 | GET      "/checks?url_id=2&limit=50"
[GIN] 2025/09/09 - 04:45:50 | 200 |     622.542µs |             ::1 | GET      "/urls"
[GIN] 2025/09/09 - 04:45:50 | 200 |     912.167µs |             ::1 | GET      "/checks?url_id=2&limit=50"
[GIN] 2025/09/09 - 04:46:00 | 200 |     756.166µs |             ::1 | GET      "/checks?url_id=2&limit=50"
[GIN] 2025/09/09 - 04:46:10 | 200 |     355.959µs |             ::1 | GET      "/urls"
[GIN] 2025/09/09 - 04:46:10 | 200 |      502.25µs |             ::1 | GET      "/checks?url_id=2&limit=50"
[GIN] 2025/09/09 - 04:46:20 | 200 |         562µs |             ::1 | GET      "/checks?url_id=2&limit=50"
[GIN] 2025/09/09 - 04:46:30 | 200 |      416.25µs |             ::1 | GET      "/urls"
[GIN] 2025/09/09 - 04:46:30 | 200 |     860.792µs |             ::1 | GET      "/checks?url_id=2&limit=50"
[GIN] 2025/09/09 - 04:46:40 | 200 |    1.167542ms |             ::1 | GET      "/checks?url_id=2&limit=50"
[GIN] 2025/09/09 - 04:46:41 | 200 |     293.167µs |             ::1 | GET      "/urls"
[GIN] 2025/09/09 - 04:46:41 | 200 |     378.125µs |             ::1 | GET      "/checks?url_id=2&limit=50"
[GIN] 2025/09/09 - 04:46:51 | 200 |     520.125µs |             ::1 | GET      "/checks?url_id=2&limit=50"
[GIN] 2025/09/09 - 04:46:52 | 200 |     234.792µs |             ::1 | GET      "/urls"
[GIN] 2025/09/09 - 04:46:52 | 200 |     290.209µs |             ::1 | GET      "/checks?url_id=2&limit=50"
[GIN] 2025/09/09 - 04:47:02 | 200 |     436.416µs |             ::1 | GET      "/checks?url_id=2&limit=50"
[GIN] 2025/09/09 - 04:47:12 | 200 |     410.542µs |             ::1 | GET      "/urls"
[GIN] 2025/09/09 - 04:47:12 | 200 |     271.583µs |             ::1 | GET      "/checks?url_id=2&limit=50"
[GIN] 2025/09/09 - 04:47:12 | 200 |     354.417µs |             ::1 | GET      "/checks?url_id=2&limit=50"
[GIN] 2025/09/09 - 04:47:22 | 200 |     643.833µs |             ::1 | GET      "/checks?url_id=2&limit=50"
[GIN] 2025/09/09 - 04:47:32 | 200 |     433.375µs |             ::1 | GET      "/urls"
[GIN] 2025/09/09 - 04:47:32 | 200 |     367.459µs |             ::1 | GET      "/checks?url_id=2&limit=50"
[GIN] 2025/09/09 - 04:47:42 | 200 |    1.192541ms |             ::1 | GET      "/checks?url_id=2&limit=50"
[GIN] 2025/09/09 - 04:47:52 | 200 |         345µs |             ::1 | GET      "/urls"
[GIN] 2025/09/09 - 04:47:52 | 200 |     496.583µs |             ::1 | GET      "/checks?url_id=2&limit=50"
[GIN] 2025/09/09 - 04:48:47 | 200 |     496.666µs |             ::1 | GET      "/checks?url_id=2&limit=50"
[GIN] 2025/09/09 - 04:48:47 | 200 |     190.625µs |             ::1 | GET      "/urls"
[GIN] 2025/09/09 - 04:48:48 | 200 |      932.25µs |             ::1 | GET      "/checks?url_id=2&limit=50"
[GIN] 2025/09/09 - 04:48:48 | 200 |         280µs |             ::1 | GET      "/urls"
[GIN] 2025/09/09 - 04:48:48 | 200 |     393.167µs |             ::1 | GET      "/checks?url_id=2&limit=50"
[GIN] 2025/09/09 - 04:48:49 | 200 |     345.959µs |             ::1 | GET      "/urls"
[GIN] 2025/09/09 - 04:48:49 | 200 |     393.292µs |             ::1 | GET      "/checks?url_id=2&limit=50"
[GIN] 2025/09/09 - 04:48:58 | 200 |     634.792µs |             ::1 | GET      "/checks?url_id=2&limit=50"
[GIN] 2025/09/09 - 04:49:08 | 200 |         610µs |             ::1 | GET      "/urls"
[GIN] 2025/09/09 - 04:49:08 | 200 |     654.625µs |             ::1 | GET      "/checks?url_id=2&limit=50"
[GIN] 2025/09/09 - 04:49:18 | 200 |     729.417µs |             ::1 | GET      "/checks?url_id=2&limit=50"
[GIN] 2025/09/09 - 04:49:28 | 200 |     356.208µs |             ::1 | GET      "/urls"
[GIN] 2025/09/09 - 04:49:28 | 200 |     363.209µs |             ::1 | GET      "/checks?url_id=2&limit=50"
[GIN] 2025/09/09 - 04:49:28 | 204 |      10.625µs |             ::1 | OPTIONS  "/urls"
[GIN] 2025/09/09 - 04:49:28 | 200 |    2.850833ms |             ::1 | POST     "/urls"
[GIN] 2025/09/09 - 04:49:28 | 200 |     916.958µs |             ::1 | GET      "/urls"
[GIN] 2025/09/09 - 04:49:28 | 200 |     279.958µs |             ::1 | GET      "/checks?url_id=5&limit=50"
[GIN] 2025/09/09 - 04:49:38 | 200 |    1.792334ms |             ::1 | GET      "/checks?url_id=5&limit=50"
[GIN] 2025/09/09 - 04:49:48 | 200 |    1.080875ms |             ::1 | GET      "/urls"
[GIN] 2025/09/09 - 04:49:48 | 200 |     600.458µs |             ::1 | GET      "/checks?url_id=2&limit=50"
[GIN] 2025/09/09 - 04:49:58 | 200 |    1.154875ms |             ::1 | GET      "/checks?url_id=2&limit=50"
[GIN] 2025/09/09 - 04:50:08 | 200 |     389.542µs |             ::1 | GET      "/urls"
[GIN] 2025/09/09 - 04:50:08 | 200 |      339.25µs |             ::1 | GET      "/checks?url_id=2&limit=50"
[GIN] 2025/09/09 - 04:50:18 | 200 |    1.681834ms |             ::1 | GET      "/checks?url_id=2&limit=50"
[GIN] 2025/09/09 - 04:50:23 | 200 |     628.375µs |             ::1 | GET      "/urls"
[GIN] 2025/09/09 - 04:50:23 | 200 |       321.5µs |             ::1 | GET      "/checks?url_id=2&limit=50"
[GIN] 2025/09/09 - 04:50:33 | 200 |    1.010958ms |             ::1 | GET      "/checks?url_id=2&limit=50"
[GIN] 2025/09/09 - 04:50:33 | 200 |     485.708µs |             ::1 | GET      "/checks?url_id=5&limit=50"
[GIN] 2025/09/09 - 04:50:43 | 200 |      356.75µs |             ::1 | GET      "/urls"
[GIN] 2025/09/09 - 04:50:43 | 200 |     413.042µs |             ::1 | GET      "/checks?url_id=5&limit=50"
[GIN] 2025/09/09 - 04:50:43 | 200 |      364.25µs |             ::1 | GET      "/checks?url_id=2&limit=50"
[GIN] 2025/09/09 - 04:50:49 | 200 |     372.292µs |             ::1 | GET      "/checks?url_id=5&limit=50"
[GIN] 2025/09/09 - 04:50:57 | 200 |     315.417µs |             ::1 | GET      "/urls"
[GIN] 2025/09/09 - 04:50:57 | 200 |     318.084µs |             ::1 | GET      "/checks?url_id=2&limit=1"
[GIN] 2025/09/09 - 04:50:57 | 200 |     296.667µs |             ::1 | GET      "/checks?url_id=5&limit=1"
[GIN] 2025/09/09 - 04:50:57 | 200 |     360.209µs |             ::1 | GET      "/checks?url_id=2&limit=50"
[GIN] 2025/09/09 - 04:51:07 | 200 |     766.209µs |             ::1 | GET      "/checks?url_id=2&limit=50"
[GIN] 2025/09/09 - 04:51:07 | 200 |     534.625µs |             ::1 | GET      "/checks?url_id=2&limit=1"
[GIN] 2025/09/09 - 04:51:07 | 200 |    8.641625ms |             ::1 | GET      "/checks?url_id=5&limit=1"
[GIN] 2025/09/09 - 04:51:09 | 200 |    1.109417ms |             ::1 | GET      "/checks?url_id=5&limit=50"
[GIN] 2025/09/09 - 04:51:13 | 200 |    1.367667ms |             ::1 | GET      "/checks?url_id=2&limit=50"
[GIN] 2025/09/09 - 04:51:13 | 200 |     490.916µs |             ::1 | GET      "/checks?url_id=5&limit=50"
[GIN] 2025/09/09 - 04:51:14 | 200 |     473.041µs |             ::1 | GET      "/checks?url_id=2&limit=50"
[GIN] 2025/09/09 - 04:51:17 | 200 |    1.248125ms |             ::1 | GET      "/urls"
[GIN] 2025/09/09 - 04:51:17 | 200 |    2.567292ms |             ::1 | GET      "/checks?url_id=5&limit=1"
[GIN] 2025/09/09 - 04:51:17 | 200 |    2.930042ms |             ::1 | GET      "/checks?url_id=2&limit=1"
[GIN] 2025/09/09 - 04:51:17 | 200 |     390.292µs |             ::1 | GET      "/checks?url_id=2&limit=50"
[GIN] 2025/09/09 - 04:51:27 | 200 |     573.292µs |             ::1 | GET      "/checks?url_id=2&limit=50"
[GIN] 2025/09/09 - 04:51:27 | 200 |     531.292µs |             ::1 | GET      "/checks?url_id=2&limit=1"
[GIN] 2025/09/09 - 04:51:27 | 200 |     441.084µs |             ::1 | GET      "/checks?url_id=5&limit=1"
[GIN] 2025/09/09 - 04:51:37 | 200 |      529.25µs |             ::1 | GET      "/urls"
[GIN] 2025/09/09 - 04:51:37 | 200 |     887.875µs |             ::1 | GET      "/checks?url_id=2&limit=1"
[GIN] 2025/09/09 - 04:51:37 | 200 |     927.416µs |             ::1 | GET      "/checks?url_id=5&limit=1"
[GIN] 2025/09/09 - 04:51:37 | 200 |     335.958µs |             ::1 | GET      "/checks?url_id=2&limit=50"
[GIN] 2025/09/09 - 04:51:47 | 200 |       817.5µs |             ::1 | GET      "/checks?url_id=2&limit=50"
[GIN] 2025/09/09 - 04:51:47 | 200 |    1.756875ms |             ::1 | GET      "/checks?url_id=5&limit=1"
[GIN] 2025/09/09 - 04:51:47 | 200 |       1.828ms |             ::1 | GET      "/checks?url_id=2&limit=1"
[GIN] 2025/09/09 - 04:51:57 | 200 |     408.667µs |             ::1 | GET      "/urls"
[GIN] 2025/09/09 - 04:51:57 | 200 |     310.041µs |             ::1 | GET      "/checks?url_id=2&limit=1"
[GIN] 2025/09/09 - 04:51:57 | 200 |     426.958µs |             ::1 | GET      "/checks?url_id=5&limit=1"
[GIN] 2025/09/09 - 04:51:57 | 200 |      415.25µs |             ::1 | GET      "/checks?url_id=2&limit=50"
[GIN] 2025/09/09 - 04:52:07 | 200 |       328.5µs |             ::1 | GET      "/checks?url_id=5&limit=1"
[GIN] 2025/09/09 - 04:52:07 | 200 |     350.583µs |             ::1 | GET      "/checks?url_id=2&limit=1"
[GIN] 2025/09/09 - 04:52:07 | 200 |      948.25µs |             ::1 | GET      "/checks?url_id=2&limit=50"
[GIN] 2025/09/09 - 04:52:14 | 200 |     415.458µs |             ::1 | GET      "/urls"
[GIN] 2025/09/09 - 04:52:14 | 200 |     231.875µs |             ::1 | GET      "/checks?url_id=2&limit=1"
[GIN] 2025/09/09 - 04:52:14 | 200 |     177.958µs |             ::1 | GET      "/checks?url_id=5&limit=1"
[GIN] 2025/09/09 - 04:52:14 | 200 |      303.75µs |             ::1 | GET      "/checks?url_id=2&limit=50"
[GIN] 2025/09/09 - 04:52:15 | 200 |      706.75µs |             ::1 | GET      "/checks?url_id=5&limit=50"
[GIN] 2025/09/09 - 04:52:24 | 200 |     356.458µs |             ::1 | GET      "/checks?url_id=2&limit=1"
[GIN] 2025/09/09 - 04:52:24 | 200 |     324.042µs |             ::1 | GET      "/checks?url_id=5&limit=1"
[GIN] 2025/09/09 - 04:52:25 | 200 |     384.167µs |             ::1 | GET      "/checks?url_id=5&limit=50"
[GIN] 2025/09/09 - 04:52:34 | 200 |     622.292µs |             ::1 | GET      "/urls"
[GIN] 2025/09/09 - 04:52:34 | 200 |     645.208µs |             ::1 | GET      "/checks?url_id=5&limit=1"
[GIN] 2025/09/09 - 04:52:34 | 200 |    1.897792ms |             ::1 | GET      "/checks?url_id=2&limit=1"
[GIN] 2025/09/09 - 04:52:34 | 200 |     530.833µs |             ::1 | GET      "/checks?url_id=2&limit=50"
[GIN] 2025/09/09 - 04:52:44 | 200 |     1.26025ms |             ::1 | GET      "/checks?url_id=5&limit=1"
[GIN] 2025/09/09 - 04:52:44 | 200 |    1.660292ms |             ::1 | GET      "/checks?url_id=2&limit=50"
[GIN] 2025/09/09 - 04:52:44 | 200 |    2.810417ms |             ::1 | GET      "/checks?url_id=2&limit=1"
[GIN] 2025/09/09 - 04:52:54 | 200 |     691.709µs |             ::1 | GET      "/urls"
[GIN] 2025/09/09 - 04:52:54 | 200 |    1.034416ms |             ::1 | GET      "/checks?url_id=2&limit=1"
[GIN] 2025/09/09 - 04:52:54 | 200 |       2.714ms |             ::1 | GET      "/checks?url_id=5&limit=1"
[GIN] 2025/09/09 - 04:52:54 | 200 |    1.792708ms |             ::1 | GET      "/checks?url_id=2&limit=50"
[GIN] 2025/09/09 - 04:53:04 | 200 |     395.375µs |             ::1 | GET      "/checks?url_id=2&limit=1"
[GIN] 2025/09/09 - 04:53:04 | 200 |     817.292µs |             ::1 | GET      "/checks?url_id=2&limit=50"
[GIN] 2025/09/09 - 04:53:04 | 200 |     373.834µs |             ::1 | GET      "/checks?url_id=5&limit=1"
[GIN] 2025/09/09 - 04:53:14 | 200 |     888.334µs |             ::1 | GET      "/urls"
[GIN] 2025/09/09 - 04:53:14 | 200 |         439µs |             ::1 | GET      "/checks?url_id=2&limit=1"
[GIN] 2025/09/09 - 04:53:14 | 200 |     548.834µs |             ::1 | GET      "/checks?url_id=5&limit=1"
[GIN] 2025/09/09 - 04:53:14 | 200 |     850.458µs |             ::1 | GET      "/checks?url_id=2&limit=50"
[GIN] 2025/09/09 - 04:53:24 | 200 |     584.666µs |             ::1 | GET      "/checks?url_id=2&limit=1"
[GIN] 2025/09/09 - 04:53:24 | 200 |     605.125µs |             ::1 | GET      "/checks?url_id=5&limit=1"
[GIN] 2025/09/09 - 04:53:24 | 200 |     879.458µs |             ::1 | GET      "/checks?url_id=2&limit=50"
[GIN] 2025/09/09 - 04:53:34 | 200 |     376.959µs |             ::1 | GET      "/urls"
[GIN] 2025/09/09 - 04:53:34 | 200 |     311.417µs |             ::1 | GET      "/checks?url_id=2&limit=1"
[GIN] 2025/09/09 - 04:53:34 | 200 |     372.875µs |             ::1 | GET      "/checks?url_id=5&limit=1"
[GIN] 2025/09/09 - 04:53:34 | 200 |     483.875µs |             ::1 | GET      "/checks?url_id=2&limit=50"
[GIN] 2025/09/09 - 04:53:44 | 200 |     773.417µs |             ::1 | GET      "/checks?url_id=2&limit=1"
[GIN] 2025/09/09 - 04:53:44 | 200 |      798.25µs |             ::1 | GET      "/checks?url_id=5&limit=1"
[GIN] 2025/09/09 - 04:53:44 | 200 |    1.147709ms |             ::1 | GET      "/checks?url_id=2&limit=50"
[GIN] 2025/09/09 - 04:53:54 | 200 |     376.875µs |             ::1 | GET      "/urls"
[GIN] 2025/09/09 - 04:53:54 | 200 |      384.25µs |             ::1 | GET      "/checks?url_id=2&limit=1"
[GIN] 2025/09/09 - 04:53:54 | 200 |       342.5µs |             ::1 | GET      "/checks?url_id=5&limit=1"
[GIN] 2025/09/09 - 04:53:54 | 200 |     357.416µs |             ::1 | GET      "/checks?url_id=2&limit=50"
[GIN] 2025/09/09 - 04:53:56 | 200 |     438.958µs |             ::1 | GET      "/urls"
[GIN] 2025/09/09 - 04:53:56 | 200 |     246.416µs |             ::1 | GET      "/checks?url_id=2&limit=1"
[GIN] 2025/09/09 - 04:53:56 | 200 |         293µs |             ::1 | GET      "/checks?url_id=5&limit=1"
[GIN] 2025/09/09 - 04:53:56 | 200 |     331.209µs |             ::1 | GET      "/checks?url_id=2&limit=50"
[GIN] 2025/09/09 - 04:54:06 | 200 |     744.084µs |             ::1 | GET      "/checks?url_id=2&limit=1"
[GIN] 2025/09/09 - 04:54:06 | 200 |     644.667µs |             ::1 | GET      "/checks?url_id=5&limit=1"
[GIN] 2025/09/09 - 04:54:06 | 200 |    1.081875ms |             ::1 | GET      "/checks?url_id=2&limit=50"
[GIN] 2025/09/09 - 04:55:37 | 200 |     450.708µs |             ::1 | GET      "/urls"
[GIN] 2025/09/09 - 04:55:37 | 200 |     940.291µs |             ::1 | GET      "/checks?url_id=2&limit=50"
[GIN] 2025/09/09 - 04:55:45 | 200 |     367.583µs |             ::1 | GET      "/urls"
[GIN] 2025/09/09 - 04:55:45 | 200 |    1.198583ms |             ::1 | GET      "/checks?url_id=2&limit=50"
[GIN] 2025/09/09 - 04:55:45 | 200 |    1.117792ms |             ::1 | GET      "/checks?url_id=5&limit=1"
[GIN] 2025/09/09 - 04:55:45 | 200 |    1.021583ms |             ::1 | GET      "/checks?url_id=2&limit=1"
[GIN] 2025/09/09 - 04:55:55 | 200 |     951.667µs |             ::1 | GET      "/checks?url_id=2&limit=1"
[GIN] 2025/09/09 - 04:55:55 | 200 |     946.166µs |             ::1 | GET      "/checks?url_id=5&limit=1"
[GIN] 2025/09/09 - 04:55:55 | 200 |    1.474792ms |             ::1 | GET      "/checks?url_id=2&limit=50"
[GIN] 2025/09/09 - 04:56:04 | 200 |     1.08925ms |             ::1 | GET      "/checks?url_id=5&limit=50"
[GIN] 2025/09/09 - 04:56:05 | 200 |         695µs |             ::1 | GET      "/urls"
[GIN] 2025/09/09 - 04:56:05 | 200 |     2.22975ms |             ::1 | GET      "/checks?url_id=2&limit=50"
[GIN] 2025/09/09 - 04:56:05 | 200 |    2.531208ms |             ::1 | GET      "/checks?url_id=5&limit=1"
[GIN] 2025/09/09 - 04:56:05 | 200 |       2.465ms |             ::1 | GET      "/checks?url_id=2&limit=1"
[GIN] 2025/09/09 - 04:56:07 | 200 |    1.077708ms |             ::1 | GET      "/checks?url_id=5&limit=50"
[GIN] 2025/09/09 - 04:56:10 | 200 |     669.667µs |             ::1 | GET      "/checks?url_id=2&limit=50"
[GIN] 2025/09/09 - 04:56:11 | 200 |     343.625µs |             ::1 | GET      "/checks?url_id=5&limit=50"
[GIN] 2025/09/09 - 04:56:15 | 200 |     483.417µs |             ::1 | GET      "/checks?url_id=2&limit=1"
[GIN] 2025/09/09 - 04:56:15 | 200 |     436.084µs |             ::1 | GET      "/checks?url_id=5&limit=1"
[GIN] 2025/09/09 - 04:56:21 | 200 |     452.458µs |             ::1 | GET      "/checks?url_id=5&limit=50"
[GIN] 2025/09/09 - 04:56:25 | 200 |     760.666µs |             ::1 | GET      "/urls"
[GIN] 2025/09/09 - 04:56:25 | 200 |     552.833µs |             ::1 | GET      "/checks?url_id=2&limit=50"
[GIN] 2025/09/09 - 04:56:25 | 200 |     735.458µs |             ::1 | GET      "/checks?url_id=5&limit=1"
[GIN] 2025/09/09 - 04:56:25 | 200 |         739µs |             ::1 | GET      "/checks?url_id=2&limit=1"
[GIN] 2025/09/09 - 04:56:35 | 200 |     424.375µs |             ::1 | GET      "/checks?url_id=5&limit=1"
[GIN] 2025/09/09 - 04:56:35 | 200 |     413.667µs |             ::1 | GET      "/checks?url_id=2&limit=1"
[GIN] 2025/09/09 - 04:56:35 | 200 |     554.709µs |             ::1 | GET      "/checks?url_id=2&limit=50"
[GIN] 2025/09/09 - 04:56:45 | 200 |     370.333µs |             ::1 | GET      "/urls"
[GIN] 2025/09/09 - 04:56:45 | 200 |     292.792µs |             ::1 | GET      "/checks?url_id=2&limit=50"
[GIN] 2025/09/09 - 04:56:45 | 200 |     292.709µs |             ::1 | GET      "/checks?url_id=5&limit=1"
[GIN] 2025/09/09 - 04:56:45 | 200 |     342.292µs |             ::1 | GET      "/checks?url_id=2&limit=1"
[GIN] 2025/09/09 - 04:56:55 | 200 |     661.542µs |             ::1 | GET      "/checks?url_id=2&limit=1"
[GIN] 2025/09/09 - 04:56:55 | 200 |     731.041µs |             ::1 | GET      "/checks?url_id=5&limit=1"
[GIN] 2025/09/09 - 04:56:55 | 200 |    1.092084ms |             ::1 | GET      "/checks?url_id=2&limit=50"
[GIN] 2025/09/09 - 04:57:05 | 200 |     714.291µs |             ::1 | GET      "/urls"
[GIN] 2025/09/09 - 04:57:05 | 200 |     514.917µs |             ::1 | GET      "/checks?url_id=2&limit=50"
[GIN] 2025/09/09 - 04:57:05 | 200 |     550.291µs |             ::1 | GET      "/checks?url_id=2&limit=1"
[GIN] 2025/09/09 - 04:57:05 | 200 |     680.375µs |             ::1 | GET      "/checks?url_id=5&limit=1"
[GIN] 2025/09/09 - 04:57:15 | 200 |    1.292209ms |             ::1 | GET      "/checks?url_id=2&limit=1"
[GIN] 2025/09/09 - 04:57:15 | 200 |    1.445541ms |             ::1 | GET      "/checks?url_id=5&limit=1"
[GIN] 2025/09/09 - 04:57:15 | 200 |    1.756167ms |             ::1 | GET      "/checks?url_id=2&limit=50"
[GIN] 2025/09/09 - 04:57:25 | 200 |     610.834µs |             ::1 | GET      "/urls"
[GIN] 2025/09/09 - 04:57:25 | 200 |      295.75µs |             ::1 | GET      "/checks?url_id=5&limit=1"
[GIN] 2025/09/09 - 04:57:25 | 200 |     473.459µs |             ::1 | GET      "/checks?url_id=2&limit=1"
[GIN] 2025/09/09 - 04:57:25 | 200 |      628.75µs |             ::1 | GET      "/checks?url_id=2&limit=50"
[GIN] 2025/09/09 - 04:57:32 | 200 |     574.791µs |             ::1 | GET      "/checks?url_id=5&limit=50"
[GIN] 2025/09/09 - 04:57:35 | 200 |       646.5µs |             ::1 | GET      "/checks?url_id=5&limit=1"
[GIN] 2025/09/09 - 04:57:35 | 200 |     721.083µs |             ::1 | GET      "/checks?url_id=2&limit=1"
[GIN] 2025/09/09 - 04:57:56 | 200 |      424.25µs |             ::1 | GET      "/urls"
[GIN] 2025/09/09 - 04:57:56 | 200 |     384.583µs |             ::1 | GET      "/checks?url_id=2&limit=50"
[GIN] 2025/09/09 - 04:57:56 | 200 |     402.291µs |             ::1 | GET      "/checks?url_id=5&limit=1"
[GIN] 2025/09/09 - 04:57:56 | 200 |     430.458µs |             ::1 | GET      "/checks?url_id=2&limit=1"
[GIN] 2025/09/09 - 04:58:03 | 200 |     532.291µs |             ::1 | GET      "/checks?url_id=2&limit=1"
[GIN] 2025/09/09 - 04:58:03 | 200 |     381.083µs |             ::1 | GET      "/checks?url_id=5&limit=1"
[GIN] 2025/09/09 - 04:58:06 | 200 |     692.583µs |             ::1 | GET      "/checks?url_id=2&limit=50"
[GIN] 2025/09/09 - 04:58:13 | 200 |     378.625µs |             ::1 | GET      "/checks?url_id=2&limit=1"
[GIN] 2025/09/09 - 04:58:13 | 200 |     327.416µs |             ::1 | GET      "/checks?url_id=5&limit=1"
[GIN] 2025/09/09 - 04:58:16 | 200 |     834.541µs |             ::1 | GET      "/urls"
[GIN] 2025/09/09 - 04:58:16 | 200 |     337.083µs |             ::1 | GET      "/checks?url_id=5&limit=1"
[GIN] 2025/09/09 - 04:58:16 | 200 |     437.375µs |             ::1 | GET      "/checks?url_id=2&limit=50"
[GIN] 2025/09/09 - 04:58:16 | 200 |     376.083µs |             ::1 | GET      "/checks?url_id=2&limit=1"
[GIN] 2025/09/09 - 04:58:26 | 200 |     773.625µs |             ::1 | GET      "/checks?url_id=5&limit=1"
[GIN] 2025/09/09 - 04:58:26 | 200 |       1.277ms |             ::1 | GET      "/checks?url_id=2&limit=50"
[GIN] 2025/09/09 - 04:58:26 | 200 |     880.333µs |             ::1 | GET      "/checks?url_id=2&limit=1"
[GIN] 2025/09/09 - 04:58:36 | 200 |     858.542µs |             ::1 | GET      "/urls"
[GIN] 2025/09/09 - 04:58:36 | 200 |     542.375µs |             ::1 | GET      "/checks?url_id=2&limit=50"
[GIN] 2025/09/09 - 04:58:36 | 200 |     472.083µs |             ::1 | GET      "/checks?url_id=5&limit=1"
[GIN] 2025/09/09 - 04:58:36 | 200 |     482.916µs |             ::1 | GET      "/checks?url_id=2&limit=1"
[GIN] 2025/09/09 - 04:58:46 | 200 |     248.375µs |             ::1 | GET      "/checks?url_id=2&limit=1"
[GIN] 2025/09/09 - 04:58:46 | 200 |     246.834µs |             ::1 | GET      "/checks?url_id=5&limit=1"
[GIN] 2025/09/09 - 04:58:46 | 200 |     545.292µs |             ::1 | GET      "/checks?url_id=2&limit=50"
[GIN] 2025/09/09 - 04:58:55 | 200 |      468.25µs |             ::1 | GET      "/checks?url_id=2&limit=1"
[GIN] 2025/09/09 - 04:58:55 | 200 |     497.125µs |             ::1 | GET      "/checks?url_id=5&limit=1"
[GIN] 2025/09/09 - 04:58:56 | 200 |       430.5µs |             ::1 | GET      "/urls"
[GIN] 2025/09/09 - 04:58:56 | 200 |     788.125µs |             ::1 | GET      "/checks?url_id=2&limit=50"
[GIN] 2025/09/09 - 04:58:56 | 200 |     841.875µs |             ::1 | GET      "/checks?url_id=2&limit=1"
[GIN] 2025/09/09 - 04:58:56 | 200 |     839.042µs |             ::1 | GET      "/checks?url_id=5&limit=1"
[GIN] 2025/09/09 - 04:59:04 | 200 |     333.208µs |             ::1 | GET      "/checks?url_id=5&limit=1"
[GIN] 2025/09/09 - 04:59:04 | 200 |     623.291µs |             ::1 | GET      "/checks?url_id=2&limit=1"
[GIN] 2025/09/09 - 04:59:06 | 200 |     922.584µs |             ::1 | GET      "/checks?url_id=2&limit=50"
[GIN] 2025/09/09 - 04:59:14 | 200 |     577.125µs |             ::1 | GET      "/checks?url_id=5&limit=1"
[GIN] 2025/09/09 - 04:59:14 | 200 |     645.833µs |             ::1 | GET      "/checks?url_id=2&limit=1"
[GIN] 2025/09/09 - 04:59:16 | 200 |     707.375µs |             ::1 | GET      "/urls"
[GIN] 2025/09/09 - 04:59:16 | 200 |     456.958µs |             ::1 | GET      "/checks?url_id=2&limit=50"
[GIN] 2025/09/09 - 04:59:16 | 200 |      520.25µs |             ::1 | GET      "/checks?url_id=2&limit=1"
[GIN] 2025/09/09 - 04:59:16 | 200 |         517µs |             ::1 | GET      "/checks?url_id=5&limit=1"
[GIN] 2025/09/09 - 04:59:26 | 200 |      688.75µs |             ::1 | GET      "/checks?url_id=5&limit=1"
[GIN] 2025/09/09 - 04:59:26 | 200 |    1.636958ms |             ::1 | GET      "/checks?url_id=2&limit=50"
[GIN] 2025/09/09 - 04:59:26 | 200 |      1.1745ms |             ::1 | GET      "/checks?url_id=2&limit=1"
[GIN] 2025/09/09 - 04:59:31 | 200 |     690.917µs |             ::1 | GET      "/checks?url_id=5&limit=50"
[GIN] 2025/09/09 - 04:59:32 | 200 |    3.283334ms |             ::1 | GET      "/checks?url_id=2&limit=50"
[GIN] 2025/09/09 - 04:59:36 | 200 |     712.667µs |             ::1 | GET      "/urls"
[GIN] 2025/09/09 - 04:59:36 | 200 |     753.916µs |             ::1 | GET      "/checks?url_id=2&limit=1"
[GIN] 2025/09/09 - 04:59:36 | 200 |    1.255667ms |             ::1 | GET      "/checks?url_id=5&limit=1"
[GIN] 2025/09/09 - 04:59:36 | 200 |    1.681875ms |             ::1 | GET      "/checks?url_id=2&limit=50"
[GIN] 2025/09/09 - 04:59:46 | 200 |     680.208µs |             ::1 | GET      "/checks?url_id=2&limit=1"
[GIN] 2025/09/09 - 04:59:46 | 200 |       932.5µs |             ::1 | GET      "/checks?url_id=5&limit=1"
[GIN] 2025/09/09 - 04:59:46 | 200 |     1.17625ms |             ::1 | GET      "/checks?url_id=2&limit=50"
[GIN] 2025/09/09 - 04:59:51 | 200 |    1.169541ms |             ::1 | GET      "/checks?url_id=5&limit=50"
[GIN] 2025/09/09 - 04:59:56 | 200 |     437.333µs |             ::1 | GET      "/urls"
[GIN] 2025/09/09 - 04:59:56 | 200 |     274.542µs |             ::1 | GET      "/checks?url_id=2&limit=50"
[GIN] 2025/09/09 - 04:59:56 | 200 |     294.542µs |             ::1 | GET      "/checks?url_id=5&limit=1"
[GIN] 2025/09/09 - 04:59:56 | 200 |     312.875µs |             ::1 | GET      "/checks?url_id=2&limit=1"
[GIN] 2025/09/09 - 04:59:58 | 204 |      33.208µs |             ::1 | OPTIONS  "/urls/5"
[GIN] 2025/09/09 - 04:59:58 | 200 |    2.529708ms |             ::1 | DELETE   "/urls/5"
[GIN] 2025/09/09 - 04:59:58 | 200 |    2.888375ms |             ::1 | GET      "/urls"
[GIN] 2025/09/09 - 04:59:58 | 200 |     323.792µs |             ::1 | GET      "/checks?url_id=2&limit=1"
[GIN] 2025/09/09 - 05:00:02 | 204 |      24.667µs |             ::1 | OPTIONS  "/urls/2"
[GIN] 2025/09/09 - 05:00:02 | 200 |      2.8985ms |             ::1 | DELETE   "/urls/2"
[GIN] 2025/09/09 - 05:00:02 | 200 |      413.25µs |             ::1 | GET      "/urls"
[GIN] 2025/09/09 - 05:00:10 | 200 |     382.083µs |             ::1 | GET      "/urls"
[GIN] 2025/09/09 - 05:00:30 | 200 |    1.808083ms |             ::1 | GET      "/urls"
[GIN] 2025/09/09 - 05:00:50 | 200 |       2.229ms |             ::1 | GET      "/urls"
[GIN] 2025/09/09 - 05:01:10 | 200 |     597.958µs |             ::1 | GET      "/urls"
[GIN] 2025/09/09 - 05:01:30 | 200 |       597.5µs |             ::1 | GET      "/urls"
[GIN] 2025/09/09 - 05:01:37 | 200 |      417.75µs |             ::1 | GET      "/urls"
[GIN] 2025/09/09 - 05:01:57 | 200 |     495.167µs |             ::1 | GET      "/urls"
[GIN] 2025/09/09 - 05:02:17 | 200 |     558.041µs |             ::1 | GET      "/urls"
[GIN] 2025/09/09 - 05:02:37 | 200 |     881.792µs |             ::1 | GET      "/urls"
[GIN] 2025/09/09 - 05:02:57 | 200 |      619.75µs |             ::1 | GET      "/urls"
[GIN] 2025/09/09 - 05:03:17 | 200 |     325.708µs |             ::1 | GET      "/urls"
[GIN] 2025/09/09 - 05:03:37 | 200 |     1.11975ms |             ::1 | GET      "/urls"
[GIN] 2025/09/09 - 05:03:57 | 200 |     390.042µs |             ::1 | GET      "/urls"
[GIN] 2025/09/09 - 05:04:17 | 200 |     780.292µs |             ::1 | GET      "/urls"
[GIN] 2025/09/09 - 05:04:38 | 200 |     670.375µs |             ::1 | GET      "/urls"
[GIN] 2025/09/09 - 05:04:58 | 200 |     342.875µs |             ::1 | GET      "/urls"
[GIN] 2025/09/09 - 05:05:18 | 200 |         804µs |             ::1 | GET      "/urls"
[GIN] 2025/09/09 - 05:06:15 | 200 |     1.98275ms |             ::1 | GET      "/urls"
[GIN] 2025/09/09 - 05:07:15 | 200 |    3.541333ms |             ::1 | GET      "/urls"
